# JRE version: OpenJDK Runtime Environment (8.0_212-b04) (build 1.8.0_212-release-1586-b04)
# Java VM: OpenJDK 64-Bit Server VM (25.212-b04 mixed mode windows-amd64 compressed oops)
Heap:
 PSYoungGen      total 408064K, used 68690K [0x00000000e0000000, 0x0000000100000000, 0x0000000100000000)
  eden space 294912K, 21% used [0x00000000e0000000,0x00000000e3e21360,0x00000000f2000000)
  from space 113152K, 4% used [0x00000000f8d00000,0x00000000f91f37d0,0x00000000ffb80000)
  to   space 111616K, 0% used [0x00000000f2000000,0x00000000f2000000,0x00000000f8d00000)
 ParOldGen       total 351232K, used 188333K [0x00000000a0000000, 0x00000000b5700000, 0x00000000e0000000)
  object space 351232K, 53% used [0x00000000a0000000,0x00000000ab7eb640,0x00000000b5700000)
 Metaspace       used 96255K, capacity 101792K, committed 102168K, reserved 1138688K
  class space    used 12192K, capacity 13215K, committed 13336K, reserved 1048576K
GC Heap History (10 events):
Event: 5151.872 GC heap before
{Heap before GC invocations=39 (full 5):
 PSYoungGen      total 291840K, used 291589K [0x00000000e0000000, 0x00000000ff980000, 0x0000000100000000)
  eden space 283136K, 100% used [0x00000000e0000000,0x00000000f1480000,0x00000000f1480000)
  from space 8704K, 97% used [0x00000000f1480000,0x00000000f1cc14d8,0x00000000f1d00000)
  to   space 117248K, 0% used [0x00000000f8700000,0x00000000f8700000,0x00000000ff980000)
 ParOldGen       total 351232K, used 164512K [0x00000000a0000000, 0x00000000b5700000, 0x00000000e0000000)
  object space 351232K, 46% used [0x00000000a0000000,0x00000000aa0a8250,0x00000000b5700000)
 Metaspace       used 94724K, capacity 100066K, committed 101272K, reserved 1136640K
  class space    used 12068K, capacity 13100K, committed 13208K, reserved 1048576K
Event: 5152.206 GC heap after
Heap after GC invocations=39 (full 5):
 PSYoungGen      total 407040K, used 31700K [0x00000000e0000000, 0x0000000100000000, 0x0000000100000000)
  eden space 289792K, 0% used [0x00000000e0000000,0x00000000e0000000,0x00000000f1b00000)
  from space 117248K, 27% used [0x00000000f8700000,0x00000000fa5f53d8,0x00000000ff980000)
  to   space 110592K, 0% used [0x00000000f1b00000,0x00000000f1b00000,0x00000000f8700000)
 ParOldGen       total 351232K, used 164700K [0x00000000a0000000, 0x00000000b5700000, 0x00000000e0000000)
  object space 351232K, 46% used [0x00000000a0000000,0x00000000aa0d7260,0x00000000b5700000)
 Metaspace       used 94724K, capacity 100066K, committed 101272K, reserved 1136640K
  class space    used 12068K, capacity 13100K, committed 13208K, reserved 1048576K
}
Event: 5163.515 GC heap before
{Heap before GC invocations=40 (full 5):
 PSYoungGen      total 407040K, used 321492K [0x00000000e0000000, 0x0000000100000000, 0x0000000100000000)
  eden space 289792K, 100% used [0x00000000e0000000,0x00000000f1b00000,0x00000000f1b00000)
  from space 117248K, 27% used [0x00000000f8700000,0x00000000fa5f53d8,0x00000000ff980000)
  to   space 110592K, 0% used [0x00000000f1b00000,0x00000000f1b00000,0x00000000f8700000)
 ParOldGen       total 351232K, used 164700K [0x00000000a0000000, 0x00000000b5700000, 0x00000000e0000000)
  object space 351232K, 46% used [0x00000000a0000000,0x00000000aa0d7260,0x00000000b5700000)
 Metaspace       used 95277K, capacity 100616K, committed 101272K, reserved 1136640K
  class space    used 12120K, capacity 13133K, committed 13208K, reserved 1048576K
Event: 5164.442 GC heap after
Heap after GC invocations=40 (full 5):
 PSYoungGen      total 400384K, used 73706K [0x00000000e0000000, 0x0000000100000000, 0x0000000100000000)
  eden space 289792K, 0% used [0x00000000e0000000,0x00000000e0000000,0x00000000f1b00000)
  from space 110592K, 66% used [0x00000000f1b00000,0x00000000f62fa8f8,0x00000000f8700000)
  to   space 116736K, 0% used [0x00000000f8e00000,0x00000000f8e00000,0x0000000100000000)
 ParOldGen       total 351232K, used 164708K [0x00000000a0000000, 0x00000000b5700000, 0x00000000e0000000)
  object space 351232K, 46% used [0x00000000a0000000,0x00000000aa0d9260,0x00000000b5700000)
 Metaspace       used 95277K, capacity 100616K, committed 101272K, reserved 1136640K
  class space    used 12120K, capacity 13133K, committed 13208K, reserved 1048576K
}
Event: 5218.561 GC heap before
{Heap before GC invocations=41 (full 5):
 PSYoungGen      total 400384K, used 363498K [0x00000000e0000000, 0x0000000100000000, 0x0000000100000000)
  eden space 289792K, 100% used [0x00000000e0000000,0x00000000f1b00000,0x00000000f1b00000)
  from space 110592K, 66% used [0x00000000f1b00000,0x00000000f62fa8f8,0x00000000f8700000)
  to   space 116736K, 0% used [0x00000000f8e00000,0x00000000f8e00000,0x0000000100000000)
 ParOldGen       total 351232K, used 164708K [0x00000000a0000000, 0x00000000b5700000, 0x00000000e0000000)
  object space 351232K, 46% used [0x00000000a0000000,0x00000000aa0d9260,0x00000000b5700000)
 Metaspace       used 95409K, capacity 100760K, committed 101272K, reserved 1136640K
  class space    used 12121K, capacity 13133K, committed 13208K, reserved 1048576K
Event: 5218.671 GC heap after
Heap after GC invocations=41 (full 5):
 PSYoungGen      total 410112K, used 12445K [0x00000000e0000000, 0x0000000100000000, 0x0000000100000000)
  eden space 293376K, 0% used [0x00000000e0000000,0x00000000e0000000,0x00000000f1e80000)
  from space 116736K, 10% used [0x00000000f8e00000,0x00000000f9a277c0,0x0000000100000000)
  to   space 114176K, 0% used [0x00000000f1e80000,0x00000000f1e80000,0x00000000f8e00000)
 ParOldGen       total 351232K, used 171503K [0x00000000a0000000, 0x00000000b5700000, 0x00000000e0000000)
  object space 351232K, 48% used [0x00000000a0000000,0x00000000aa77bd58,0x00000000b5700000)
 Metaspace       used 95409K, capacity 100760K, committed 101272K, reserved 1136640K
  class space    used 12121K, capacity 13133K, committed 13208K, reserved 1048576K
}
Event: 5225.338 GC heap before
{Heap before GC invocations=42 (full 5):
 PSYoungGen      total 410112K, used 305821K [0x00000000e0000000, 0x0000000100000000, 0x0000000100000000)
  eden space 293376K, 100% used [0x00000000e0000000,0x00000000f1e80000,0x00000000f1e80000)
  from space 116736K, 10% used [0x00000000f8e00000,0x00000000f9a277c0,0x0000000100000000)
  to   space 114176K, 0% used [0x00000000f1e80000,0x00000000f1e80000,0x00000000f8e00000)
 ParOldGen       total 351232K, used 171503K [0x00000000a0000000, 0x00000000b5700000, 0x00000000e0000000)
  object space 351232K, 48% used [0x00000000a0000000,0x00000000aa77bd58,0x00000000b5700000)
 Metaspace       used 96109K, capacity 101482K, committed 101528K, reserved 1138688K
  class space    used 12186K, capacity 13206K, committed 13208K, reserved 1048576K
Event: 5225.654 GC heap after
Heap after GC invocations=42 (full 5):
 PSYoungGen      total 349696K, used 56059K [0x00000000e0000000, 0x00000000ffb80000, 0x0000000100000000)
  eden space 293376K, 0% used [0x00000000e0000000,0x00000000e0000000,0x00000000f1e80000)
  from space 56320K, 99% used [0x00000000f1e80000,0x00000000f553efd8,0x00000000f5580000)
  to   space 113152K, 0% used [0x00000000f8d00000,0x00000000f8d00000,0x00000000ffb80000)
 ParOldGen       total 351232K, used 181593K [0x00000000a0000000, 0x00000000b5700000, 0x00000000e0000000)
  object space 351232K, 51% used [0x00000000a0000000,0x00000000ab156498,0x00000000b5700000)
 Metaspace       used 96109K, capacity 101482K, committed 101528K, reserved 1138688K
  class space    used 12186K, capacity 13206K, committed 13208K, reserved 1048576K
}
Event: 5293.990 GC heap before
{Heap before GC invocations=43 (full 5):
 PSYoungGen      total 349696K, used 349435K [0x00000000e0000000, 0x00000000ffb80000, 0x0000000100000000)
  eden space 293376K, 100% used [0x00000000e0000000,0x00000000f1e80000,0x00000000f1e80000)
  from space 56320K, 99% used [0x00000000f1e80000,0x00000000f553efd8,0x00000000f5580000)
  to   space 113152K, 0% used [0x00000000f8d00000,0x00000000f8d00000,0x00000000ffb80000)
 ParOldGen       total 351232K, used 181593K [0x00000000a0000000, 0x00000000b5700000, 0x00000000e0000000)
  object space 351232K, 51% used [0x00000000a0000000,0x00000000ab156498,0x00000000b5700000)
 Metaspace       used 96223K, capacity 101728K, committed 101912K, reserved 1138688K
  class space    used 12191K, capacity 13215K, committed 13336K, reserved 1048576K
Event: 5294.057 GC heap after
Heap after GC invocations=43 (full 5):
 PSYoungGen      total 408064K, used 5069K [0x00000000e0000000, 0x0000000100000000, 0x0000000100000000)
  eden space 294912K, 0% used [0x00000000e0000000,0x00000000e0000000,0x00000000f2000000)
  from space 113152K, 4% used [0x00000000f8d00000,0x00000000f91f37d0,0x00000000ffb80000)
  to   space 111616K, 0% used [0x00000000f2000000,0x00000000f2000000,0x00000000f8d00000)
 ParOldGen       total 351232K, used 188333K [0x00000000a0000000, 0x00000000b5700000, 0x00000000e0000000)
  object space 351232K, 53% used [0x00000000a0000000,0x00000000ab7eb640,0x00000000b5700000)
 Metaspace       used 96223K, capacity 101728K, committed 101912K, reserved 1138688K
  class space    used 12191K, capacity 13215K, committed 13336K, reserved 1048576K
}

